<?xml version="1.0" encoding="UTF-8"?>
<!-- Generated by org.testng.reporters.JUnitXMLReporter -->
<testsuite ignored="9" hostname="DESKTOP-LARUOSJ" failures="1" tests="1" name="Surefire test" time="0.91" errors="0" timestamp="2025-06-22T11:23:37 NPT">
  <testcase classname="Authentication.authenticateTest" name="AuthenticatewithWrongPin" time="0.863">
    <failure type="java.lang.AssertionError" message="expected [VST_LOGIN_REMAINING_ATTEMPT_X3] but found [VST_LOGIN_REMAINING_ATTEMPT_X1]">
      <![CDATA[java.lang.AssertionError: expected [VST_LOGIN_REMAINING_ATTEMPT_X3] but found [VST_LOGIN_REMAINING_ATTEMPT_X1]
at Authentication.authenticateTest.AuthenticatewithWrongPin(authenticateTest.java:349)
at java.base/java.util.ArrayList.forEach(ArrayList.java:1511)
... Removed 36 stack frames]]>
    </failure>
  </testcase> <!-- AuthenticatewithWrongPin -->
  <testcase classname="Authentication.authenticateTest" name="AuthenticatewithInvalidPin" time="0.0">
    <ignored/>
  </testcase> <!-- AuthenticatewithInvalidPin -->
  <testcase classname="Authentication.authenticateTest" name="AuthenticateWithNoUserAgent" time="0.0">
    <ignored/>
  </testcase> <!-- AuthenticateWithNoUserAgent -->
  <testcase classname="Authentication.authenticateTest" name="AuthenticatewithMissingPin" time="0.0">
    <ignored/>
  </testcase> <!-- AuthenticatewithMissingPin -->
  <testcase classname="Authentication.authenticateTest" name="AuthenticateWithInvalidDevice" time="0.0">
    <ignored/>
  </testcase> <!-- AuthenticateWithInvalidDevice -->
  <testcase classname="Authentication.authenticateTest" name="AuthenticateWithNoDevice" time="0.0">
    <ignored/>
  </testcase> <!-- AuthenticateWithNoDevice -->
  <testcase classname="Authentication.authenticateTest" name="AuthenticateWithNoLocation" time="0.0">
    <ignored/>
  </testcase> <!-- AuthenticateWithNoLocation -->
  <testcase classname="Authentication.authenticateTest" name="AuthenticatewithInvalidEmail" time="0.0">
    <ignored/>
  </testcase> <!-- AuthenticatewithInvalidEmail -->
  <testcase classname="Authentication.authenticateTest" name="AuthenticateWithInvalidLocation" time="0.0">
    <ignored/>
  </testcase> <!-- AuthenticateWithInvalidLocation -->
  <testcase classname="Authentication.authenticateTest" name="AuthenticatewithMissingEmail" time="0.0">
    <ignored/>
  </testcase> <!-- AuthenticatewithMissingEmail -->
</testsuite> <!-- Surefire test -->
