<?xml version="1.0" encoding="UTF-8"?>
<!-- Generated by org.testng.reporters.JUnitXMLReporter -->
<testsuite ignored="0" hostname="DESKTOP-LARUOSJ" failures="0" tests="11" name="Surefire test" time="1.547" errors="0" timestamp="2025-06-20T14:48:10 NPT">
  <testcase classname="Authentication.authenticateTest" name="AuthenticateWithInvalidDevice" time="0.005"/>
  <testcase classname="Authentication.authenticateTest" name="AuthenticateWithInvalidLocation" time="0.001"/>
  <testcase classname="Authentication.authenticateTest" name="AuthenticateWithNoDevice" time="0.541"/>
  <testcase classname="Authentication.authenticateTest" name="AuthenticateWithNoLocation" time="0.526"/>
  <testcase classname="Authentication.authenticateTest" name="AuthenticateWithNoUserAgent" time="0.423"/>
  <testcase classname="Authentication.authenticateTest" name="AuthenticatewithInvalidEmail" time="0.0"/>
  <testcase classname="Authentication.authenticateTest" name="AuthenticatewithInvalidPin" time="0.001"/>
  <testcase classname="Authentication.authenticateTest" name="AuthenticatewithMissingEmail" time="0.0"/>
  <testcase classname="Authentication.authenticateTest" name="AuthenticatewithMissingPin" time="0.001"/>
  <testcase classname="Authentication.authenticateTest" name="AuthenticatewithValidDetails" time="0.001"/>
  <testcase classname="Authentication.authenticateTest" name="AuthenticatewithWrongPin" time="0.0"/>
</testsuite> <!-- Surefire test -->
