<?xml version="1.0" encoding="UTF-8"?>
<testsuite xmlns:xsi="http://www.w3.org/2001/XMLSchema-instance" xsi:noNamespaceSchemaLocation="https://maven.apache.org/surefire/maven-surefire-plugin/xsd/surefire-test-report-3.0.xsd" version="3.0" name="TestSuite" time="5.1" tests="11" errors="0" skipped="0" failures="0">
  <properties>
[...]
</properties>
  <testcase name="AuthenticateWithInvalidDevice" classname="Authentication.authenticateTest" time="0.004">
    <system-out><![CDATA[Configuring TestNG with: TestNG740Configurator
Loaded configuration for environment: test
]]></system-out>
  </testcase>
  <testcase name="AuthenticateWithInvalidLocation" classname="Authentication.authenticateTest" time="0.0"/>
  <testcase name="AuthenticateWithNoDevice" classname="Authentication.authenticateTest" time="0.542">
    <system-out><![CDATA[HTTP/1.1 400 Bad Request
Date: Fri, 20 Jun 2025 09:03:10 GMT
Server: MOCO Visitor Server
Access-Control-Allow-Origin: *
Strict-Transport-Security: max-age=31536000; includeSubDomains
X-Frame-Options: SAMEORIGIN
X-Content-Type-Options: nosniff
X-Xss-Protection: 1; mode=block
Content-Type: application/json
Content-Length: 57
Content-Security-Policy: default-src 'self' visitor0.moco.com.np https://fonts.googleapis.com; script-src 'self' 'unsafe-inline' 'unsafe-eval' https://maps.googleapis.com; form-action 'self';  style-src 'self' 'unsafe-inline' https://fonts.googleapis.com; connect-src 'self' https://www.moco.com.np https://maps.googleapis.com; img-src 'self' https://maps.gstatic.com  https://maps.googleapis.com blob: data:;
Connection: close

{
    "code": "GNR_PARAM_MISSING",
    "description": "Bad Request."
}
]]></system-out>
  </testcase>
  <testcase name="AuthenticateWithNoLocation" classname="Authentication.authenticateTest" time="0.526">
    <system-out><![CDATA[HTTP/1.1 400 Bad Request
Date: Fri, 20 Jun 2025 09:03:10 GMT
Server: MOCO Visitor Server
Access-Control-Allow-Origin: *
Strict-Transport-Security: max-age=31536000; includeSubDomains
X-Frame-Options: SAMEORIGIN
X-Content-Type-Options: nosniff
X-Xss-Protection: 1; mode=block
Content-Type: application/json
Content-Length: 57
Content-Security-Policy: default-src 'self' visitor0.moco.com.np https://fonts.googleapis.com; script-src 'self' 'unsafe-inline' 'unsafe-eval' https://maps.googleapis.com; form-action 'self';  style-src 'self' 'unsafe-inline' https://fonts.googleapis.com; connect-src 'self' https://www.moco.com.np https://maps.googleapis.com; img-src 'self' https://maps.gstatic.com  https://maps.googleapis.com blob: data:;
Connection: close

{
    "code": "GNR_PARAM_MISSING",
    "description": "Bad Request."
}
]]></system-out>
  </testcase>
  <testcase name="AuthenticateWithNoUserAgent" classname="Authentication.authenticateTest" time="0.425">
    <system-out><![CDATA[HTTP/1.1 400 Bad Request
Date: Fri, 20 Jun 2025 09:03:11 GMT
Server: MOCO Visitor Server
Access-Control-Allow-Origin: *
Strict-Transport-Security: max-age=31536000; includeSubDomains
X-Frame-Options: SAMEORIGIN
X-Content-Type-Options: nosniff
X-Xss-Protection: 1; mode=block
Content-Type: application/json
Content-Length: 57
Content-Security-Policy: default-src 'self' visitor0.moco.com.np https://fonts.googleapis.com; script-src 'self' 'unsafe-inline' 'unsafe-eval' https://maps.googleapis.com; form-action 'self';  style-src 'self' 'unsafe-inline' https://fonts.googleapis.com; connect-src 'self' https://www.moco.com.np https://maps.googleapis.com; img-src 'self' https://maps.gstatic.com  https://maps.googleapis.com blob: data:;
Connection: close

{
    "code": "GNR_PARAM_MISSING",
    "description": "Bad Request."
}
]]></system-out>
  </testcase>
  <testcase name="AuthenticatewithInvalidEmail" classname="Authentication.authenticateTest" time="0.0"/>
  <testcase name="AuthenticatewithInvalidPin" classname="Authentication.authenticateTest" time="0.0"/>
  <testcase name="AuthenticatewithMissingEmail" classname="Authentication.authenticateTest" time="0.001"/>
  <testcase name="AuthenticatewithMissingPin" classname="Authentication.authenticateTest" time="0.0"/>
  <testcase name="AuthenticatewithValidDetails" classname="Authentication.authenticateTest" time="0.0"/>
  <testcase name="AuthenticatewithWrongPin" classname="Authentication.authenticateTest" time="0.001"/>
</testsuite>